{"/home/runner/work/npay-infra/npay-infra/lib/dyanamo-db/coin-table-stack.ts": {"path":"/home/runner/work/npay-infra/npay-infra/lib/dyanamo-db/coin-table-stack.ts","statementMap":{"0":{"start":{"line":1,"column":0},"end":{"line":1,"column":64}},"1":{"start":{"line":4,"column":0},"end":{"line":4,"column":null}},"2":{"start":{"line":14,"column":4},"end":{"line":14,"column":28}},"3":{"start":{"line":17,"column":4},"end":{"line":23,"column":7}},"4":{"start":{"line":10,"column":0},"end":{"line":10,"column":13}}},"fnMap":{"0":{"name":"(anonymous_0)","decl":{"start":{"line":13,"column":2},"end":{"line":13,"column":14}},"loc":{"start":{"line":13,"column":62},"end":{"line":24,"column":3}}}},"branchMap":{},"s":{"0":2,"1":2,"2":2,"3":2,"4":2},"f":{"0":2},"b":{}}
,"/home/runner/work/npay-infra/npay-infra/lib/lambda/application/put-coin.ts": {"path":"/home/runner/work/npay-infra/npay-infra/lib/lambda/application/put-coin.ts","statementMap":{"0":{"start":{"line":1,"column":12},"end":{"line":1,"column":30}},"1":{"start":{"line":2,"column":17},"end":{"line":2,"column":33}},"2":{"start":{"line":3,"column":19},"end":{"line":3,"column":47}},"3":{"start":{"line":5,"column":23},"end":{"line":39,"column":1}},"4":{"start":{"line":6,"column":26},"end":{"line":6,"column":49}},"5":{"start":{"line":7,"column":24},"end":{"line":7,"column":51}},"6":{"start":{"line":8,"column":2},"end":{"line":13,"column":null}},"7":{"start":{"line":9,"column":4},"end":{"line":12,"column":6}},"8":{"start":{"line":14,"column":2},"end":{"line":19,"column":null}},"9":{"start":{"line":15,"column":4},"end":{"line":18,"column":6}},"10":{"start":{"line":21,"column":17},"end":{"line":31,"column":4}},"11":{"start":{"line":33,"column":2},"end":{"line":38,"column":null}},"12":{"start":{"line":34,"column":21},"end":{"line":34,"column":61}},"13":{"start":{"line":35,"column":4},"end":{"line":35,"column":68}},"14":{"start":{"line":37,"column":4},"end":{"line":37,"column":62}},"15":{"start":{"line":5,"column":13},"end":{"line":5,"column":23}}},"fnMap":{"0":{"name":"(anonymous_0)","decl":{"start":{"line":5,"column":23},"end":{"line":5,"column":28}},"loc":{"start":{"line":5,"column":63},"end":{"line":39,"column":1}}}},"branchMap":{"0":{"loc":{"start":{"line":3,"column":19},"end":{"line":3,"column":47}},"type":"binary-expr","locations":[{"start":{"line":3,"column":19},"end":{"line":3,"column":41}},{"start":{"line":3,"column":45},"end":{"line":3,"column":47}}]},"1":{"loc":{"start":{"line":5,"column":30},"end":{"line":5,"column":45}},"type":"default-arg","locations":[{"start":{"line":5,"column":43},"end":{"line":5,"column":45}}]},"2":{"loc":{"start":{"line":8,"column":2},"end":{"line":13,"column":null}},"type":"if","locations":[{"start":{"line":8,"column":2},"end":{"line":13,"column":null}}]},"3":{"loc":{"start":{"line":14,"column":2},"end":{"line":19,"column":null}},"type":"if","locations":[{"start":{"line":14,"column":2},"end":{"line":19,"column":null}}]}},"s":{"0":1,"1":1,"2":1,"3":1,"4":1,"5":1,"6":1,"7":0,"8":1,"9":0,"10":1,"11":1,"12":1,"13":0,"14":1,"15":1},"f":{"0":1},"b":{"0":[1,1],"1":[0],"2":[0],"3":[0]}}
,"/home/runner/work/npay-infra/npay-infra/lib/lambda/stack/coin-lambda-stack.ts": {"path":"/home/runner/work/npay-infra/npay-infra/lib/lambda/stack/coin-lambda-stack.ts","statementMap":{"0":{"start":{"line":1,"column":0},"end":{"line":1,"column":67}},"1":{"start":{"line":2,"column":0},"end":{"line":2,"column":49}},"2":{"start":{"line":3,"column":0},"end":{"line":3,"column":62}},"3":{"start":{"line":6,"column":0},"end":{"line":6,"column":null}},"4":{"start":{"line":13,"column":4},"end":{"line":13,"column":28}},"5":{"start":{"line":15,"column":21},"end":{"line":15,"column":67}},"6":{"start":{"line":16,"column":28},"end":{"line":23,"column":6}},"7":{"start":{"line":26,"column":4},"end":{"line":26,"column":59}},"8":{"start":{"line":11,"column":0},"end":{"line":11,"column":13}}},"fnMap":{"0":{"name":"(anonymous_0)","decl":{"start":{"line":12,"column":2},"end":{"line":12,"column":14}},"loc":{"start":{"line":12,"column":62},"end":{"line":27,"column":3}}}},"branchMap":{},"s":{"0":1,"1":1,"2":1,"3":1,"4":1,"5":1,"6":1,"7":1,"8":1},"f":{"0":1},"b":{}}
}
