{"/home/runner/work/npay-infra/npay-infra/lib/dynamo-db/coin-table-stack.ts": {"path":"/home/runner/work/npay-infra/npay-infra/lib/dynamo-db/coin-table-stack.ts","statementMap":{"0":{"start":{"line":1,"column":0},"end":{"line":1,"column":64}},"1":{"start":{"line":4,"column":0},"end":{"line":4,"column":null}},"2":{"start":{"line":14,"column":4},"end":{"line":14,"column":28}},"3":{"start":{"line":17,"column":4},"end":{"line":24,"column":7}},"4":{"start":{"line":10,"column":0},"end":{"line":10,"column":13}}},"fnMap":{"0":{"name":"(anonymous_0)","decl":{"start":{"line":13,"column":2},"end":{"line":13,"column":14}},"loc":{"start":{"line":13,"column":62},"end":{"line":25,"column":3}}}},"branchMap":{},"s":{"0":1,"1":1,"2":1,"3":1,"4":1},"f":{"0":1},"b":{}}
}
