TN:
SF:lib/dyanamo-db/coin-table-stack.ts
FN:8,(anonymous_0)
FNF:1
FNH:1
FNDA:2,(anonymous_0)
DA:1,2
DA:2,2
DA:3,2
DA:5,2
DA:9,2
DA:12,2
LF:6
LH:6
BRF:0
BRH:0
end_of_record
TN:
SF:lib/lambda/application/put-coin.ts
FN:5,(anonymous_0)
FNF:1
FNH:1
FNDA:1,(anonymous_0)
DA:1,1
DA:2,1
DA:3,1
DA:5,1
DA:6,1
DA:7,1
DA:8,1
DA:9,0
DA:14,1
DA:15,0
DA:21,1
DA:33,1
DA:34,1
DA:35,0
DA:37,1
LF:15
LH:12
BRDA:3,0,0,1
BRDA:3,0,1,1
BRDA:5,1,0,0
BRDA:8,2,0,0
BRDA:8,2,1,1
BRDA:14,3,0,0
BRDA:14,3,1,1
BRF:7
BRH:4
end_of_record
TN:
SF:lib/lambda/stack/coin-lambda-stack.ts
FN:7,(anonymous_0)
FNF:1
FNH:1
FNDA:1,(anonymous_0)
DA:1,1
DA:2,1
DA:3,1
DA:4,1
DA:6,1
DA:8,1
DA:10,1
DA:11,1
DA:21,1
LF:9
LH:9
BRF:0
BRH:0
end_of_record
